* using log directory ‘/Users/f00421k/Documents/GitHub/nomine/nomine.Rcheck’
* using R version 4.3.2 (2023-10-31)
* using platform: aarch64-apple-darwin20 (64-bit)
* R was compiled by
    Apple clang version 14.0.0 (clang-1400.0.29.202)
    GNU Fortran (GCC) 12.2.0
* running under: macOS Sonoma 14.6.1
* using session charset: UTF-8
* using option ‘--as-cran’
* checking for file ‘nomine/DESCRIPTION’ ... OK
* checking extension type ... Package
* this is package ‘nomine’ version ‘1.0.2’
* package encoding: UTF-8
* checking CRAN incoming feasibility ... [3s/35s] NOTE
Maintainer: ‘Charles Crabtree <crabtreedcharles@gmail.com>’

New submission

Package was archived on CRAN

CRAN repository db overrides:
  X-CRAN-Comment: Archived on 2018-10-03 as check problems were not
    corrected despite reminders.

Found the following (possibly) invalid URLs:
  URL: http://github.com/lobsterbush/nomine (moved to https://github.com/lobsterbush/nomine)
    From: DESCRIPTION
    Status: 200
    Message: OK
  URL: http://github.com/lobsterbush/nomine/issues (moved to https://github.com/lobsterbush/nomine/issues)
    From: DESCRIPTION
    Status: 200
    Message: OK
  URL: http://hadley.nz/ (moved to https://hadley.nz/)
    From: README.md
    Status: 200
    Message: OK
  URL: http://name-prism.com/ (moved to https://name-prism.com/)
    From: README.md
    Status: 200
    Message: OK
  URL: http://name-prism.com/about (moved to https://name-prism.com/about)
    From: README.md
    Status: 200
    Message: OK
  URL: http://www.name-prism.com/about (moved to https://www.name-prism.com/about)
    From: man/get_nationalities.Rd
    Status: 200
    Message: OK
  URL: http://www.name-prism.com/api (moved to https://www.name-prism.com/api)
    From: man/get_ethnicities.Rd
          man/get_nationalities.Rd
          README.md
    Status: 200
    Message: OK
  URL: http://www.namsor.com/ (moved to https://namsor.app/)
    From: README.md
    Status: 200
    Message: OK
  URL: https://v2.namsor.com (moved to https://namsor.app/)
    From: DESCRIPTION
    Status: 200
    Message: OK
* checking package namespace information ... OK
* checking package dependencies ... OK
* checking if this is a source package ... OK
* checking if there is a namespace ... OK
* checking for executable files ... OK
* checking for hidden files and directories ... OK
* checking for portable file names ... OK
* checking for sufficient/correct file permissions ... OK
* checking serialization versions ... OK
* checking whether package ‘nomine’ can be installed ... OK
* checking installed package size ... OK
* checking package directory ... OK
* checking for future file timestamps ... NOTE
unable to verify current time
* checking DESCRIPTION meta-information ... OK
* checking top-level files ... OK
* checking for left-over files ... OK
* checking index information ... OK
* checking package subdirectories ... OK
* checking R files for non-ASCII characters ... OK
* checking R files for syntax errors ... OK
* checking whether the package can be loaded ... OK
* checking whether the package can be loaded with stated dependencies ... OK
* checking whether the package can be unloaded cleanly ... OK
* checking whether the namespace can be loaded with stated dependencies ... OK
* checking whether the namespace can be unloaded cleanly ... OK
* checking use of S3 registration ... OK
* checking dependencies in R code ... OK
* checking S3 generic/method consistency ... OK
* checking replacement functions ... OK
* checking foreign function calls ... OK
* checking R code for possible problems ... OK
* checking Rd files ... OK
* checking Rd metadata ... OK
* checking Rd line widths ... OK
* checking Rd cross-references ... OK
* checking for missing documentation entries ... OK
* checking for code/documentation mismatches ... OK
* checking Rd \usage sections ... OK
* checking Rd contents ... OK
* checking for unstated dependencies in examples ... OK
* checking examples ... [0s/10s] NOTE
Examples with CPU (user + system) or elapsed time > 5s
                 user system elapsed
get_ethnicities 0.138  0.023   5.025
* checking PDF version of manual ... OK
* checking HTML version of manual ... NOTE
Found the following HTML validation problems:
get_ethnicities.html:4:1 (get_ethnicities.Rd:5): Warning: <link> inserting "type" attribute
get_ethnicities.html:12:1 (get_ethnicities.Rd:5): Warning: <script> proprietary attribute "onload"
get_ethnicities.html:12:1 (get_ethnicities.Rd:5): Warning: <script> inserting "type" attribute
get_ethnicities.html:17:1 (get_ethnicities.Rd:5): Warning: <table> lacks "summary" attribute
get_ethnicities.html:35:1 (get_ethnicities.Rd:10): Warning: <table> lacks "summary" attribute
get_gender.html:4:1 (get_gender.Rd:5): Warning: <link> inserting "type" attribute
get_gender.html:12:1 (get_gender.Rd:5): Warning: <script> proprietary attribute "onload"
get_gender.html:12:1 (get_gender.Rd:5): Warning: <script> inserting "type" attribute
get_gender.html:17:1 (get_gender.Rd:5): Warning: <table> lacks "summary" attribute
get_gender.html:35:1 (get_gender.Rd:10): Warning: <table> lacks "summary" attribute
get_nationalities.html:4:1 (get_nationalities.Rd:5): Warning: <link> inserting "type" attribute
get_nationalities.html:12:1 (get_nationalities.Rd:5): Warning: <script> proprietary attribute "onload"
get_nationalities.html:12:1 (get_nationalities.Rd:5): Warning: <script> inserting "type" attribute
get_nationalities.html:17:1 (get_nationalities.Rd:5): Warning: <table> lacks "summary" attribute
get_nationalities.html:35:1 (get_nationalities.Rd:10): Warning: <table> lacks "summary" attribute
* checking for non-standard things in the check directory ... OK
* checking for detritus in the temp directory ... OK
* DONE
Status: 4 NOTEs
